[ 2018-01-10T16:39:34+08:00 ] ::1 /demo/
INFO: [ app_init ] --START--
INFO: Run Behavior\BuildLiteBehavior [ RunTime:0.000014s ]
INFO: [ app_init ] --END-- [ RunTime:0.027209s ]
INFO: [ app_begin ] --START--
INFO: Run Behavior\ReadHtmlCacheBehavior [ RunTime:0.014693s ]
INFO: [ app_begin ] --END-- [ RunTime:0.014761s ]
SQL: SHOW COLUMNS FROM `room` [ RunTime:0.0913s ]
SQL: select region_name,config_name,type_name,price,room_name,room_content,time,room_num,mode from room,region,room_config,room_type where room.rid = region.r_id and room.type_id = room_type.room_type_id and room.cid = room_config.room_config_id [ RunTime:0.3260s ]
INFO: [ view_parse ] --START--
INFO: [ template_filter ] --START--
INFO: Run Behavior\ContentReplaceBehavior [ RunTime:0.013036s ]
INFO: [ template_filter ] --END-- [ RunTime:0.013126s ]
NOTIC: [8] Use of undefined constant 整租 - assumed '整租' D:\phpstudy\WWW\demo\Application\Runtime\Cache\Home\2a94b8bda04ff446dcedd42276fc99ee.php 第 220 行.
NOTIC: [8] Use of undefined constant 整租 - assumed '整租' D:\phpstudy\WWW\demo\Application\Runtime\Cache\Home\2a94b8bda04ff446dcedd42276fc99ee.php 第 220 行.
NOTIC: [8] Use of undefined constant 合租 - assumed '合租' D:\phpstudy\WWW\demo\Application\Runtime\Cache\Home\2a94b8bda04ff446dcedd42276fc99ee.php 第 285 行.
INFO: Run Behavior\ParseTemplateBehavior [ RunTime:0.116812s ]
INFO: [ view_parse ] --END-- [ RunTime:0.116902s ]
INFO: [ view_filter ] --START--
INFO: Run Behavior\WriteHtmlCacheBehavior [ RunTime:0.010426s ]
INFO: [ view_filter ] --END-- [ RunTime:0.010508s ]
INFO: [ app_end ] --START--
INFO: Run Behavior\ShowPageTraceBehavior [ RunTime:0.017615s ]
INFO: [ app_end ] --END-- [ RunTime:0.017874s ]

[ 2018-01-10T16:39:38+08:00 ] ::1 /demo/
INFO: [ app_init ] --START--
INFO: Run Behavior\BuildLiteBehavior [ RunTime:0.000013s ]
INFO: [ app_init ] --END-- [ RunTime:0.000777s ]
INFO: [ app_begin ] --START--
INFO: Run Behavior\ReadHtmlCacheBehavior [ RunTime:0.000938s ]
INFO: [ app_begin ] --END-- [ RunTime:0.000996s ]
SQL: SHOW COLUMNS FROM `room` [ RunTime:0.0301s ]
SQL: select region_name,config_name,type_name,price,room_name,room_content,time,room_num,mode from room,region,room_config,room_type where room.rid = region.r_id and room.type_id = room_type.room_type_id and room.cid = room_config.room_config_id [ RunTime:0.0007s ]
INFO: [ view_parse ] --START--
INFO: [ template_filter ] --START--
INFO: Run Behavior\ContentReplaceBehavior [ RunTime:0.000054s ]
INFO: [ template_filter ] --END-- [ RunTime:0.000085s ]
NOTIC: [8] Use of undefined constant 整租 - assumed '整租' D:\phpstudy\WWW\demo\Application\Runtime\Cache\Home\2a94b8bda04ff446dcedd42276fc99ee.php 第 220 行.
NOTIC: [8] Use of undefined constant 整租 - assumed '整租' D:\phpstudy\WWW\demo\Application\Runtime\Cache\Home\2a94b8bda04ff446dcedd42276fc99ee.php 第 220 行.
NOTIC: [8] Use of undefined constant 合租 - assumed '合租' D:\phpstudy\WWW\demo\Application\Runtime\Cache\Home\2a94b8bda04ff446dcedd42276fc99ee.php 第 285 行.
INFO: Run Behavior\ParseTemplateBehavior [ RunTime:0.007083s ]
INFO: [ view_parse ] --END-- [ RunTime:0.007112s ]
INFO: [ view_filter ] --START--
INFO: Run Behavior\WriteHtmlCacheBehavior [ RunTime:0.000402s ]
INFO: [ view_filter ] --END-- [ RunTime:0.000424s ]
INFO: [ app_end ] --START--
INFO: Run Behavior\ShowPageTraceBehavior [ RunTime:0.000695s ]
INFO: [ app_end ] --END-- [ RunTime:0.000732s ]

[ 2018-01-10T16:39:39+08:00 ] ::1 /demo/
INFO: [ app_init ] --START--
INFO: Run Behavior\BuildLiteBehavior [ RunTime:0.000011s ]
INFO: [ app_init ] --END-- [ RunTime:0.000852s ]
INFO: [ app_begin ] --START--
INFO: Run Behavior\ReadHtmlCacheBehavior [ RunTime:0.000582s ]
INFO: [ app_begin ] --END-- [ RunTime:0.000617s ]
SQL: SHOW COLUMNS FROM `room` [ RunTime:0.0071s ]
SQL: select region_name,config_name,type_name,price,room_name,room_content,time,room_num,mode from room,region,room_config,room_type where room.rid = region.r_id and room.type_id = room_type.room_type_id and room.cid = room_config.room_config_id [ RunTime:0.0013s ]
INFO: [ view_parse ] --START--
INFO: [ template_filter ] --START--
INFO: Run Behavior\ContentReplaceBehavior [ RunTime:0.000058s ]
INFO: [ template_filter ] --END-- [ RunTime:0.000094s ]
NOTIC: [8] Use of undefined constant 整租 - assumed '整租' D:\phpstudy\WWW\demo\Application\Runtime\Cache\Home\2a94b8bda04ff446dcedd42276fc99ee.php 第 220 行.
NOTIC: [8] Use of undefined constant 整租 - assumed '整租' D:\phpstudy\WWW\demo\Application\Runtime\Cache\Home\2a94b8bda04ff446dcedd42276fc99ee.php 第 220 行.
NOTIC: [8] Use of undefined constant 合租 - assumed '合租' D:\phpstudy\WWW\demo\Application\Runtime\Cache\Home\2a94b8bda04ff446dcedd42276fc99ee.php 第 285 行.
INFO: Run Behavior\ParseTemplateBehavior [ RunTime:0.008684s ]
INFO: [ view_parse ] --END-- [ RunTime:0.008736s ]
INFO: [ view_filter ] --START--
INFO: Run Behavior\WriteHtmlCacheBehavior [ RunTime:0.000886s ]
INFO: [ view_filter ] --END-- [ RunTime:0.000954s ]
INFO: [ app_end ] --START--
INFO: Run Behavior\ShowPageTraceBehavior [ RunTime:0.000877s ]
INFO: [ app_end ] --END-- [ RunTime:0.000933s ]

